[debug] > Exec(early(addDefaultCommands), None, None)
[debug] > Exec(addDefaultCommands, None, None)
[debug] > Exec(early(initialize), None, None)
[debug] > Exec(initialize, None, None)
[debug] > Exec(early(addPluginSbtFile="""C:\Users\Wey\AppData\Local\Temp\idea.sbt"""), None, None)
[debug] > Exec(addPluginSbtFile="""C:\Users\Wey\AppData\Local\Temp\idea.sbt""", None, None)
[debug] > Exec(boot, None, None)
[debug] > Exec(writeSbtVersion, None, None)
[debug] > Exec(reload, None, None)
[debug] > Exec(sbtStashOnFailure, None, None)
[debug] > Exec(onFailure loadFailed, None, None)
[debug] > Exec(loadp, None, None)
[info] welcome to sbt 1.9.7 (Oracle Corporation Java 17.0.9)
[debug] Load.defaultLoad until apply took 397.337ms
[debug]           Load.loadUnit: plugins took 86.136ms
[debug]           Load.loadUnit: defsScala took 0.2682ms
[debug] [Loading] Scanning directory C:\Users\Wey\IdeaProjects\finalprojectv2-CWeyK\project
[debug]             Load.loadUnit: mkEval took 10.2308ms
[debug] [Loading] Found non-root projects 
[debug] [Loading] Done in C:\Users\Wey\IdeaProjects\finalprojectv2-CWeyK\project, returning: ()
[debug] deducing auto plugins based on known facts Set(Atom(sbt.plugins.CorePlugin)) and clauses Clauses(Clause(Atom(sbt.plugins.JvmPlugin),Set(Atom(sbt.plugins.IvyPlugin)))
[debug] Clause(Atom(sbt.ScriptedPlugin),Set(Atom(sbt.plugins.JvmPlugin)))
[debug] Clause(Atom(sbt.plugins.SbtPlugin),Set(Atom(sbt.ScriptedPlugin)))
[debug] Clause(Atom(sbt.plugins.SemanticdbPlugin),Set(Atom(sbt.plugins.JvmPlugin)))
[debug] Clause(Atom(sbt.plugins.JUnitXmlReportPlugin),Set(Atom(sbt.plugins.JvmPlugin)))
[debug] Clause(Atom(sbt.plugins.MiniDependencyTreePlugin),Set(Atom(sbt.plugins.JvmPlugin)))
[debug] Clause(Atom(sbt.plugins.CorePlugin),Set(Atom(sbt.plugins.IvyPlugin)))
[debug] Clause(Atom(sbt.plugins.IvyPlugin),Set(Atom(sbt.plugins.JvmPlugin)))
[debug] Clause(Atom(sbt.plugins.JvmPlugin),Set(Atom(sbt.plugins.SemanticdbPlugin)))
[debug] Clause(Atom(sbt.plugins.JvmPlugin),Set(Atom(sbt.plugins.JUnitXmlReportPlugin)))
[debug] Clause(Atom(sbt.plugins.CorePlugin),Set(Atom(sbt.plugins.Giter8TemplatePlugin)))
[debug] Clause(Atom(sbt.plugins.JvmPlugin),Set(Atom(sbt.plugins.MiniDependencyTreePlugin))))
[debug]   :: deduced result: Matched(sbt.plugins.CorePlugin,sbt.plugins.Giter8TemplatePlugin,sbt.plugins.IvyPlugin,sbt.plugins.JvmPlugin,sbt.plugins.MiniDependencyTreePlugin,sbt.plugins.JUnitXmlReportPlugin,sbt.plugins.SemanticdbPlugin)
[debug] Plugins.deducer#function took 16.5689 ms
[info] loading settings for project finalprojectv2-cweyk-build from idea.sbt ...
[debug]               Load.resolveProject(finalprojectv2-cweyk-build) took 47.861401ms
[debug]             Load.loadTransitive: finalizeProject(Project(id finalprojectv2-cweyk-build, base: C:\Users\Wey\IdeaProjects\finalprojectv2-CWeyK\project, plugins: List(<none>))) took 83.067501ms
[debug] [Loading] Done in C:\Users\Wey\IdeaProjects\finalprojectv2-CWeyK\project, returning: (finalprojectv2-cweyk-build)
[debug]           Load.loadUnit: loadedProjectsRaw took 412.827199ms
[debug]           Load.loadUnit: cleanEvalClasses took 8.904901ms
[debug]         Load.loadUnit(file:/C:/Users/Wey/IdeaProjects/finalprojectv2-CWeyK/project/, ...) took 514.589299ms
[debug]       Load.apply: load took 649.7544ms
[debug]       Load.apply: resolveProjects took 6.673101ms
[debug]       Load.apply: finalTransforms took 55.505ms
[debug]       Load.apply: config.delegates took 8.213799ms
[debug]       Load.apply: Def.make(settings)... took 631.6982ms
[debug]       Load.apply: structureIndex took 143.746101ms
[debug]       Load.apply: mkStreams took 6.0233ms
[info] loading project definition from C:\Users\Wey\IdeaProjects\finalprojectv2-CWeyK\project
[debug] Running task... Cancel: Signal, check cycles: false, forcegc: true
[debug]     Load.loadUnit: plugins took 3712.0437ms
[debug]     Load.loadUnit: defsScala took 0.005599ms
[debug] [Loading] Scanning directory C:\Users\Wey\IdeaProjects\finalprojectv2-CWeyK
[debug]       Load.loadUnit: mkEval took 0.307401ms
[debug] [Loading] Found root project root w/ remaining 
[debug] deducing auto plugins based on known facts Set(Atom(sbt.plugins.CorePlugin)) and clauses Clauses(Clause(Atom(sbt.plugins.JvmPlugin),Set(Atom(sbt.plugins.IvyPlugin)))
[debug] Clause(Atom(sbt.ScriptedPlugin),Set(Atom(sbt.plugins.JvmPlugin)))
[debug] Clause(Atom(sbt.plugins.SbtPlugin),Set(Atom(sbt.ScriptedPlugin)))
[debug] Clause(Atom(sbt.plugins.SemanticdbPlugin),Set(Atom(sbt.plugins.JvmPlugin)))
[debug] Clause(Atom(sbt.plugins.JUnitXmlReportPlugin),Set(Atom(sbt.plugins.JvmPlugin)))
[debug] Clause(Atom(sbt.plugins.MiniDependencyTreePlugin),Set(Atom(sbt.plugins.JvmPlugin)))
[debug] Clause(Atom(org.jetbrains.sbt.StructurePlugin),Set(Atom(sbt.plugins.JvmPlugin)))
[debug] Clause(Atom(org.jetbrains.sbt.IdeaShellPlugin),Set(Atom(sbt.plugins.JvmPlugin)))
[debug] Clause(Atom(org.jetbrains.sbt.indices.SbtIntellijIndicesPlugin),Set(Atom(sbt.plugins.JvmPlugin)))
[debug] Clause(Atom(sbt.plugins.CorePlugin),Set(Atom(sbt.plugins.IvyPlugin)))
[debug] Clause(Atom(sbt.plugins.IvyPlugin),Set(Atom(sbt.plugins.JvmPlugin)))
[debug] Clause(Atom(sbt.plugins.JvmPlugin),Set(Atom(sbt.plugins.SemanticdbPlugin)))
[debug] Clause(Atom(sbt.plugins.JvmPlugin),Set(Atom(sbt.plugins.JUnitXmlReportPlugin)))
[debug] Clause(Atom(sbt.plugins.CorePlugin),Set(Atom(sbt.plugins.Giter8TemplatePlugin)))
[debug] Clause(Atom(sbt.plugins.JvmPlugin),Set(Atom(sbt.plugins.MiniDependencyTreePlugin)))
[debug] Clause(Atom(sbt.plugins.JvmPlugin),Set(Atom(org.jetbrains.sbt.StructurePlugin)))
[debug] Clause(Atom(sbt.plugins.JvmPlugin),Set(Atom(org.jetbrains.sbt.IdeaShellPlugin)))
[debug] Clause(And(Set(Atom(sbt.plugins.CorePlugin), Atom(sbt.plugins.JvmPlugin))),Set(Atom(org.jetbrains.sbt.indices.SbtIntellijIndicesPlugin))))
[debug]   :: deduced result: Matched(sbt.plugins.CorePlugin,sbt.plugins.Giter8TemplatePlugin,sbt.plugins.IvyPlugin,sbt.plugins.JvmPlugin,sbt.plugins.SemanticdbPlugin,org.jetbrains.sbt.indices.SbtIntellijIndicesPlugin,sbt.plugins.JUnitXmlReportPlugin,org.jetbrains.sbt.IdeaShellPlugin,org.jetbrains.sbt.StructurePlugin,sbt.plugins.MiniDependencyTreePlugin)
[debug] Plugins.deducer#function took 5.026701 ms
[info] loading settings for project root from build.sbt ...
[debug]         Load.resolveProject(root) took 72.453599ms
[debug]       Load.loadTransitive: finalizeProject(Project(id root, base: C:\Users\Wey\IdeaProjects\finalprojectv2-CWeyK, plugins: List(<none>))) took 82.1964ms
[debug] [Loading] Done in C:\Users\Wey\IdeaProjects\finalprojectv2-CWeyK, returning: (root)
[debug]     Load.loadUnit: loadedProjectsRaw took 3864.114399ms
[debug]     Load.loadUnit: cleanEvalClasses took 30.077301ms
[debug]   Load.loadUnit(file:/C:/Users/Wey/IdeaProjects/finalprojectv2-CWeyK/, ...) took 7609.468301ms
[debug] Load.apply: load took 7653.0598ms
[debug] Load.apply: resolveProjects took 0.164299ms
[debug] Load.apply: finalTransforms took 41.200099ms
[debug] Load.apply: config.delegates took 0.7959ms
[debug] Load.apply: Def.make(settings)... took 95.8004ms
[debug] Load.apply: structureIndex took 44.7803ms
[debug] Load.apply: mkStreams took 0.0038ms
[info] set current project to finalproject (in build file:/C:/Users/Wey/IdeaProjects/finalprojectv2-CWeyK/)
[debug] > Exec(sbtPopOnFailure, None, None)
[debug] > Exec(resumeFromFailure, None, None)
[debug] > Exec(notifyUsersAboutShell, None, None)
[debug] > Exec(iflast shell, None, None)
[debug] > Exec(; set ideaPort in Global := 59442 ; idea-shell, None, None)
[debug] > Exec(set ideaPort in Global := 59442, None, None)
[info] Defining Global / ideaPort
[info] The new value will be used by Compile / compile, Test / compile
[debug] Defining 
[debug] 	Global / ideaPort
[debug] 
[debug] The new value will be used by 
[debug] 	Compile / compile
[debug] 	Test / compile
[info] Reapplying settings...
[info] set current project to finalproject (in build file:/C:/Users/Wey/IdeaProjects/finalprojectv2-CWeyK/)
[debug] > Exec(idea-shell, None, None)
